<?xml version="1.0" encoding="UTF-8"?>
<testsuite xmlns:xsi="http://www.w3.org/2001/XMLSchema-instance" xsi:noNamespaceSchemaLocation="https://maven.apache.org/surefire/maven-surefire-plugin/xsd/surefire-test-report.xsd" name="OrderTicketImplTest" time="1.813" tests="5" errors="0" skipped="0" failures="0">
  <properties>
[...]
</properties>
  <testcase name="placeOrderShouldNotCreateOrder" classname="OrderTicketImplTest" time="1.744"/>
  <testcase name="cancelOrderShouldNotCancelTheOrder" classname="OrderTicketImplTest" time="0.007"/>
  <testcase name="placeOrderShouldCreateOrder" classname="OrderTicketImplTest" time="0.004"/>
  <testcase name="cancelOrderShouldCancelTheOrder" classname="OrderTicketImplTest" time="0.002"/>
  <testcase name="placeOrderShouldThrowException" classname="OrderTicketImplTest" time="0.025"/>
</testsuite>